Starting SellApplication on ZhengdeMacBook-Pro.local with PID 21912 (/Users/zhengjie/Documents/Iedaprojects/Minjie/Sell01/target/classes started by zhengjie in /Users/zhengjie/Documents/Iedaprojects/Minjie/Sell01)
No active profile set, falling back to default profiles: default
Refreshing org.springframework.boot.context.embedded.AnnotationConfigEmbeddedWebApplicationContext@2b71e916: startup date [Sat Apr 04 17:28:33 CST 2020]; root of context hierarchy
HV000001: Hibernate Validator 5.3.5.Final
No MyBatis mapper was found in '[com.minjie]' package. Please check your configuration.
Multiple Spring Data modules found, entering strict repository configuration mode!
Multiple Spring Data modules found, entering strict repository configuration mode!
Spring Data Redis - Could not safely identify store assignment for repository candidate interface com.minjie.repository.SellerInfoRepository.
Spring Data Redis - Could not safely identify store assignment for repository candidate interface com.minjie.repository.BuyerLoginRepository.
Spring Data Redis - Could not safely identify store assignment for repository candidate interface com.minjie.repository.BuyerCartRepository.
Spring Data Redis - Could not safely identify store assignment for repository candidate interface com.minjie.repository.ProductCategoryRepository.
Spring Data Redis - Could not safely identify store assignment for repository candidate interface com.minjie.repository.OrderDetailRepository.
Spring Data Redis - Could not safely identify store assignment for repository candidate interface com.minjie.repository.OrderMasterRepository.
Spring Data Redis - Could not safely identify store assignment for repository candidate interface com.minjie.repository.ProductInfoRepository.
Tomcat initialized with port(s): 8080 (http)
Starting service Tomcat
Starting Servlet Engine: Apache Tomcat/8.5.14
Initializing Spring embedded WebApplicationContext
Root WebApplicationContext: initialization completed in 1314 ms
Mapping servlet: 'dispatcherServlet' to [/]
Mapping filter: 'characterEncodingFilter' to: [/*]
Mapping filter: 'hiddenHttpMethodFilter' to: [/*]
Mapping filter: 'httpPutFormContentFilter' to: [/*]
Mapping filter: 'requestContextFilter' to: [/*]
Building JPA container EntityManagerFactory for persistence unit 'default'
HHH000204: Processing PersistenceUnitInfo [
	name: default
	...]
HHH000412: Hibernate Core {5.0.12.Final}
HHH000206: hibernate.properties not found
HHH000021: Bytecode provider name : javassist
HCANN000001: Hibernate Commons Annotations {5.0.1.Final}
HHH000400: Using dialect: org.hibernate.dialect.MySQL5Dialect
Initialized JPA EntityManagerFactory for persistence unit 'default'
Looking for @ControllerAdvice: org.springframework.boot.context.embedded.AnnotationConfigEmbeddedWebApplicationContext@2b71e916: startup date [Sat Apr 04 17:28:33 CST 2020]; root of context hierarchy
Mapped "{[/buyer/cart/delete],methods=[GET]}" onto public org.springframework.web.servlet.ModelAndView com.minjie.controller.BuyerCartController.delete(java.lang.String,javax.servlet.http.HttpSession,java.util.Map<java.lang.String, java.lang.Object>)
Mapped "{[/buyer/cart/list],methods=[GET]}" onto public org.springframework.web.servlet.ModelAndView com.minjie.controller.BuyerCartController.list(java.lang.String,java.lang.Integer,java.lang.Integer,java.util.Map<java.lang.String, java.lang.Object>)
Mapped "{[/buyer/cart/insert],methods=[GET]}" onto public org.springframework.web.servlet.ModelAndView com.minjie.controller.BuyerCartController.insert(java.lang.String,java.lang.String,java.util.Map<java.lang.String, java.lang.Object>)
Mapped "{[/buyer/order/create],methods=[POST]}" onto public org.springframework.web.servlet.ModelAndView com.minjie.controller.BuyerOrderController.create(com.minjie.form.OrderForm,org.springframework.validation.BindingResult,java.util.Map<java.lang.String, java.lang.Object>)
Mapped "{[/buyer/order/list],methods=[GET]}" onto public com.minjie.VO.ResultVO<java.util.List<com.minjie.dto.OrderDTO>> com.minjie.controller.BuyerOrderController.list(java.lang.String,java.lang.Integer,java.lang.Integer)
Mapped "{[/buyer/order/cancel],methods=[POST]}" onto public com.minjie.VO.ResultVO com.minjie.controller.BuyerOrderController.cancel(java.lang.String,java.lang.String)
Mapped "{[/buyer/order/detail],methods=[GET]}" onto public com.minjie.VO.ResultVO<com.minjie.dto.OrderDTO> com.minjie.controller.BuyerOrderController.detail(java.lang.String,java.lang.String)
Mapped "{[/buyer/product/list],methods=[GET]}" onto public org.springframework.web.servlet.ModelAndView com.minjie.controller.BuyerProductController.list(java.lang.Integer,java.lang.Integer,java.lang.Integer,java.util.Map<java.lang.String, java.lang.Object>)
Mapped "{[/buyer/product/detail],methods=[GET]}" onto public org.springframework.web.servlet.ModelAndView com.minjie.controller.BuyerProductController.detail(java.lang.String,java.util.Map<java.lang.String, java.lang.Object>)
Mapped "{[/seller/login/registerInit]}" onto public java.lang.String com.minjie.controller.LoginControl.register()
Mapped "{[/seller/login/register],methods=[POST]}" onto public org.springframework.web.servlet.ModelAndView com.minjie.controller.LoginControl.register(com.minjie.form.UserForm,org.springframework.validation.BindingResult,java.util.Map<java.lang.String, java.lang.Object>)
Mapped "{[/seller/login/start]}" onto public org.springframework.web.servlet.ModelAndView com.minjie.controller.LoginControl.start(java.util.Map<java.lang.String, java.lang.Object>)
Mapped "{[/seller/login/demo]}" onto public java.lang.String com.minjie.controller.LoginControl.order()
Mapped "{[/seller/login/login]}" onto public org.springframework.web.servlet.ModelAndView com.minjie.controller.LoginControl.login(java.lang.String,java.lang.String,javax.servlet.http.HttpSession,java.util.Map<java.lang.String, java.lang.Object>)
Mapped "{[/seller/login/loginOut]}" onto public org.springframework.web.servlet.ModelAndView com.minjie.controller.LoginControl.loginOut(javax.servlet.http.HttpSession)
Mapped "{[/seller/login/demo1]}" onto public java.lang.String com.minjie.controller.LoginControl.orderInfo()
Mapped "{[/seller/login/bookInfo]}" onto public java.lang.String com.minjie.controller.LoginControl.bookInfo()
Mapped "{[/seller/category/index],methods=[GET]}" onto public org.springframework.web.servlet.ModelAndView com.minjie.controller.SellerCategoryController.index(java.lang.Integer,java.util.Map<java.lang.String, java.lang.Object>)
Mapped "{[/seller/category/list],methods=[GET]}" onto public org.springframework.web.servlet.ModelAndView com.minjie.controller.SellerCategoryController.list(java.util.Map<java.lang.String, java.lang.Object>)
Mapped "{[/seller/category/save],methods=[POST]}" onto public org.springframework.web.servlet.ModelAndView com.minjie.controller.SellerCategoryController.save(com.minjie.form.CategoryForm,org.springframework.validation.BindingResult,java.util.Map<java.lang.String, java.lang.Object>)
Mapped "{[/seller/order/list],methods=[GET]}" onto public org.springframework.web.servlet.ModelAndView com.minjie.controller.SellerOrderController.list(java.lang.Integer,java.lang.Integer,java.util.Map<java.lang.String, java.lang.Object>)
Mapped "{[/seller/order/cancel],methods=[GET]}" onto public org.springframework.web.servlet.ModelAndView com.minjie.controller.SellerOrderController.cancel(java.lang.String,java.util.Map<java.lang.String, java.lang.Object>)
Mapped "{[/seller/order/detail],methods=[GET]}" onto public org.springframework.web.servlet.ModelAndView com.minjie.controller.SellerOrderController.detail(java.lang.String,java.util.Map<java.lang.String, java.lang.Object>)
Mapped "{[/seller/order/finish],methods=[GET]}" onto public org.springframework.web.servlet.ModelAndView com.minjie.controller.SellerOrderController.finish(java.lang.String,java.util.Map<java.lang.String, java.lang.Object>)
Mapped "{[/seller/product/index],methods=[GET]}" onto public org.springframework.web.servlet.ModelAndView com.minjie.controller.SellerProductController.index(java.lang.String,java.util.Map<java.lang.String, java.lang.Object>)
Mapped "{[/seller/product/list],methods=[GET]}" onto public org.springframework.web.servlet.ModelAndView com.minjie.controller.SellerProductController.list(java.lang.Integer,java.lang.Integer,java.util.Map<java.lang.String, java.lang.Object>)
Mapped "{[/seller/product/save],methods=[POST]}" onto public org.springframework.web.servlet.ModelAndView com.minjie.controller.SellerProductController.save(com.minjie.form.ProductForm,org.springframework.validation.BindingResult,java.util.Map<java.lang.String, java.lang.Object>)
Mapped "{[/seller/product/on_sale]}" onto public org.springframework.web.servlet.ModelAndView com.minjie.controller.SellerProductController.onSale(java.lang.String,java.util.Map<java.lang.String, java.lang.Object>)
Mapped "{[/seller/product/off_sale]}" onto public org.springframework.web.servlet.ModelAndView com.minjie.controller.SellerProductController.offSale(java.lang.String,java.util.Map<java.lang.String, java.lang.Object>)
Mapped "{[/error]}" onto public org.springframework.http.ResponseEntity<java.util.Map<java.lang.String, java.lang.Object>> org.springframework.boot.autoconfigure.web.BasicErrorController.error(javax.servlet.http.HttpServletRequest)
Mapped "{[/error],produces=[text/html]}" onto public org.springframework.web.servlet.ModelAndView org.springframework.boot.autoconfigure.web.BasicErrorController.errorHtml(javax.servlet.http.HttpServletRequest,javax.servlet.http.HttpServletResponse)
Mapped URL path [/webjars/**] onto handler of type [class org.springframework.web.servlet.resource.ResourceHttpRequestHandler]
Mapped URL path [/**] onto handler of type [class org.springframework.web.servlet.resource.ResourceHttpRequestHandler]
Mapped URL path [/**/favicon.ico] onto handler of type [class org.springframework.web.servlet.resource.ResourceHttpRequestHandler]
ClassTemplateLoader for Spring macros added to FreeMarker configuration
Registering @ServerEndpoint class: class com.minjie.service.WebSocket
Registering beans for JMX exposure on startup
Initializing ProtocolHandler ["http-nio-8080"]
Starting ProtocolHandler ["http-nio-8080"]
Using a shared selector for servlet write/read
Tomcat started on port(s): 8080 (http)
Started SellApplication in 4.067 seconds (JVM running for 4.778)
Initializing Spring FrameworkServlet 'dispatcherServlet'
FrameworkServlet 'dispatcherServlet': initialization started
FrameworkServlet 'dispatcherServlet': initialization completed in 23 ms
HHH000397: Using ASTQueryTranslatorFactory
Closing org.springframework.boot.context.embedded.AnnotationConfigEmbeddedWebApplicationContext@2b71e916: startup date [Sat Apr 04 17:28:33 CST 2020]; root of context hierarchy
Unregistering JMX-exposed beans on shutdown
Closing JPA EntityManagerFactory for persistence unit 'default'
Starting SellApplication on ZhengdeMacBook-Pro.local with PID 24395 (/Users/zhengjie/Documents/Iedaprojects/Minjie/Sell01/target/classes started by zhengjie in /Users/zhengjie/Documents/Iedaprojects/Minjie/Sell01)
No active profile set, falling back to default profiles: default
Refreshing org.springframework.boot.context.embedded.AnnotationConfigEmbeddedWebApplicationContext@2b71e916: startup date [Sat Apr 04 21:35:52 CST 2020]; root of context hierarchy
HV000001: Hibernate Validator 5.3.5.Final
No MyBatis mapper was found in '[com.minjie]' package. Please check your configuration.
Multiple Spring Data modules found, entering strict repository configuration mode!
Multiple Spring Data modules found, entering strict repository configuration mode!
Spring Data Redis - Could not safely identify store assignment for repository candidate interface com.minjie.repository.SellerInfoRepository.
Spring Data Redis - Could not safely identify store assignment for repository candidate interface com.minjie.repository.BuyerLoginRepository.
Spring Data Redis - Could not safely identify store assignment for repository candidate interface com.minjie.repository.BuyerCartRepository.
Spring Data Redis - Could not safely identify store assignment for repository candidate interface com.minjie.repository.ProductCategoryRepository.
Spring Data Redis - Could not safely identify store assignment for repository candidate interface com.minjie.repository.OrderDetailRepository.
Spring Data Redis - Could not safely identify store assignment for repository candidate interface com.minjie.repository.OrderMasterRepository.
Spring Data Redis - Could not safely identify store assignment for repository candidate interface com.minjie.repository.ProductInfoRepository.
Tomcat initialized with port(s): 8080 (http)
Starting service Tomcat
Starting Servlet Engine: Apache Tomcat/8.5.14
Initializing Spring embedded WebApplicationContext
Root WebApplicationContext: initialization completed in 1408 ms
Mapping servlet: 'dispatcherServlet' to [/]
Mapping filter: 'characterEncodingFilter' to: [/*]
Mapping filter: 'hiddenHttpMethodFilter' to: [/*]
Mapping filter: 'httpPutFormContentFilter' to: [/*]
Mapping filter: 'requestContextFilter' to: [/*]
Building JPA container EntityManagerFactory for persistence unit 'default'
HHH000204: Processing PersistenceUnitInfo [
	name: default
	...]
HHH000412: Hibernate Core {5.0.12.Final}
HHH000206: hibernate.properties not found
HHH000021: Bytecode provider name : javassist
HCANN000001: Hibernate Commons Annotations {5.0.1.Final}
HHH000400: Using dialect: org.hibernate.dialect.MySQL5Dialect
Initialized JPA EntityManagerFactory for persistence unit 'default'
Looking for @ControllerAdvice: org.springframework.boot.context.embedded.AnnotationConfigEmbeddedWebApplicationContext@2b71e916: startup date [Sat Apr 04 21:35:52 CST 2020]; root of context hierarchy
Mapped "{[/buyer/cart/delete],methods=[GET]}" onto public org.springframework.web.servlet.ModelAndView com.minjie.controller.BuyerCartController.delete(java.lang.String,javax.servlet.http.HttpSession,java.util.Map<java.lang.String, java.lang.Object>)
Mapped "{[/buyer/cart/list],methods=[GET]}" onto public org.springframework.web.servlet.ModelAndView com.minjie.controller.BuyerCartController.list(java.lang.String,java.lang.Integer,java.lang.Integer,java.util.Map<java.lang.String, java.lang.Object>)
Mapped "{[/buyer/cart/insert],methods=[GET]}" onto public org.springframework.web.servlet.ModelAndView com.minjie.controller.BuyerCartController.insert(java.lang.String,java.lang.String,java.util.Map<java.lang.String, java.lang.Object>)
Mapped "{[/buyer/order/create],methods=[POST]}" onto public org.springframework.web.servlet.ModelAndView com.minjie.controller.BuyerOrderController.create(com.minjie.form.OrderForm,org.springframework.validation.BindingResult,java.util.Map<java.lang.String, java.lang.Object>)
Mapped "{[/buyer/order/list],methods=[GET]}" onto public com.minjie.VO.ResultVO<java.util.List<com.minjie.dto.OrderDTO>> com.minjie.controller.BuyerOrderController.list(java.lang.String,java.lang.Integer,java.lang.Integer)
Mapped "{[/buyer/order/cancel],methods=[POST]}" onto public com.minjie.VO.ResultVO com.minjie.controller.BuyerOrderController.cancel(java.lang.String,java.lang.String)
Mapped "{[/buyer/order/detail],methods=[GET]}" onto public com.minjie.VO.ResultVO<com.minjie.dto.OrderDTO> com.minjie.controller.BuyerOrderController.detail(java.lang.String,java.lang.String)
Mapped "{[/buyer/product/list],methods=[GET]}" onto public org.springframework.web.servlet.ModelAndView com.minjie.controller.BuyerProductController.list(java.lang.Integer,java.lang.Integer,java.lang.Integer,java.util.Map<java.lang.String, java.lang.Object>)
Mapped "{[/buyer/product/detail],methods=[GET]}" onto public org.springframework.web.servlet.ModelAndView com.minjie.controller.BuyerProductController.detail(java.lang.String,java.util.Map<java.lang.String, java.lang.Object>)
Mapped "{[/seller/login/registerInit]}" onto public java.lang.String com.minjie.controller.LoginControl.register()
Mapped "{[/seller/login/register],methods=[POST]}" onto public org.springframework.web.servlet.ModelAndView com.minjie.controller.LoginControl.register(com.minjie.form.UserForm,org.springframework.validation.BindingResult,java.util.Map<java.lang.String, java.lang.Object>)
Mapped "{[/seller/login/start]}" onto public org.springframework.web.servlet.ModelAndView com.minjie.controller.LoginControl.start(java.util.Map<java.lang.String, java.lang.Object>)
Mapped "{[/seller/login/demo]}" onto public java.lang.String com.minjie.controller.LoginControl.order()
Mapped "{[/seller/login/login]}" onto public org.springframework.web.servlet.ModelAndView com.minjie.controller.LoginControl.login(java.lang.String,java.lang.String,javax.servlet.http.HttpSession,java.util.Map<java.lang.String, java.lang.Object>)
Mapped "{[/seller/login/loginOut]}" onto public org.springframework.web.servlet.ModelAndView com.minjie.controller.LoginControl.loginOut(javax.servlet.http.HttpSession)
Mapped "{[/seller/login/demo1]}" onto public java.lang.String com.minjie.controller.LoginControl.orderInfo()
Mapped "{[/seller/login/bookInfo]}" onto public java.lang.String com.minjie.controller.LoginControl.bookInfo()
Mapped "{[/seller/category/index],methods=[GET]}" onto public org.springframework.web.servlet.ModelAndView com.minjie.controller.SellerCategoryController.index(java.lang.Integer,java.util.Map<java.lang.String, java.lang.Object>)
Mapped "{[/seller/category/list],methods=[GET]}" onto public org.springframework.web.servlet.ModelAndView com.minjie.controller.SellerCategoryController.list(java.util.Map<java.lang.String, java.lang.Object>)
Mapped "{[/seller/category/save],methods=[POST]}" onto public org.springframework.web.servlet.ModelAndView com.minjie.controller.SellerCategoryController.save(com.minjie.form.CategoryForm,org.springframework.validation.BindingResult,java.util.Map<java.lang.String, java.lang.Object>)
Mapped "{[/seller/order/list],methods=[GET]}" onto public org.springframework.web.servlet.ModelAndView com.minjie.controller.SellerOrderController.list(java.lang.Integer,java.lang.Integer,java.util.Map<java.lang.String, java.lang.Object>)
Mapped "{[/seller/order/cancel],methods=[GET]}" onto public org.springframework.web.servlet.ModelAndView com.minjie.controller.SellerOrderController.cancel(java.lang.String,java.util.Map<java.lang.String, java.lang.Object>)
Mapped "{[/seller/order/detail],methods=[GET]}" onto public org.springframework.web.servlet.ModelAndView com.minjie.controller.SellerOrderController.detail(java.lang.String,java.util.Map<java.lang.String, java.lang.Object>)
Mapped "{[/seller/order/finish],methods=[GET]}" onto public org.springframework.web.servlet.ModelAndView com.minjie.controller.SellerOrderController.finish(java.lang.String,java.util.Map<java.lang.String, java.lang.Object>)
Mapped "{[/seller/product/index],methods=[GET]}" onto public org.springframework.web.servlet.ModelAndView com.minjie.controller.SellerProductController.index(java.lang.String,java.util.Map<java.lang.String, java.lang.Object>)
Mapped "{[/seller/product/list],methods=[GET]}" onto public org.springframework.web.servlet.ModelAndView com.minjie.controller.SellerProductController.list(java.lang.Integer,java.lang.Integer,java.util.Map<java.lang.String, java.lang.Object>)
Mapped "{[/seller/product/save],methods=[POST]}" onto public org.springframework.web.servlet.ModelAndView com.minjie.controller.SellerProductController.save(com.minjie.form.ProductForm,org.springframework.validation.BindingResult,java.util.Map<java.lang.String, java.lang.Object>)
Mapped "{[/seller/product/off_sale]}" onto public org.springframework.web.servlet.ModelAndView com.minjie.controller.SellerProductController.offSale(java.lang.String,java.util.Map<java.lang.String, java.lang.Object>)
Mapped "{[/seller/product/on_sale]}" onto public org.springframework.web.servlet.ModelAndView com.minjie.controller.SellerProductController.onSale(java.lang.String,java.util.Map<java.lang.String, java.lang.Object>)
Mapped "{[/error]}" onto public org.springframework.http.ResponseEntity<java.util.Map<java.lang.String, java.lang.Object>> org.springframework.boot.autoconfigure.web.BasicErrorController.error(javax.servlet.http.HttpServletRequest)
Mapped "{[/error],produces=[text/html]}" onto public org.springframework.web.servlet.ModelAndView org.springframework.boot.autoconfigure.web.BasicErrorController.errorHtml(javax.servlet.http.HttpServletRequest,javax.servlet.http.HttpServletResponse)
Mapped URL path [/webjars/**] onto handler of type [class org.springframework.web.servlet.resource.ResourceHttpRequestHandler]
Mapped URL path [/**] onto handler of type [class org.springframework.web.servlet.resource.ResourceHttpRequestHandler]
Mapped URL path [/**/favicon.ico] onto handler of type [class org.springframework.web.servlet.resource.ResourceHttpRequestHandler]
ClassTemplateLoader for Spring macros added to FreeMarker configuration
Registering @ServerEndpoint class: class com.minjie.service.WebSocket
Registering beans for JMX exposure on startup
Initializing ProtocolHandler ["http-nio-8080"]
Starting ProtocolHandler ["http-nio-8080"]
Using a shared selector for servlet write/read
Tomcat started on port(s): 8080 (http)
Started SellApplication in 4.108 seconds (JVM running for 4.872)
Initializing Spring FrameworkServlet 'dispatcherServlet'
FrameworkServlet 'dispatcherServlet': initialization started
FrameworkServlet 'dispatcherServlet': initialization completed in 20 ms
HHH000397: Using ASTQueryTranslatorFactory
Closing org.springframework.boot.context.embedded.AnnotationConfigEmbeddedWebApplicationContext@2b71e916: startup date [Sat Apr 04 21:35:52 CST 2020]; root of context hierarchy
Unregistering JMX-exposed beans on shutdown
Closing JPA EntityManagerFactory for persistence unit 'default'
Starting SellApplication on ZhengdeMacBook-Pro.local with PID 25215 (/Users/zhengjie/Documents/Iedaprojects/Minjie/Sell01/target/classes started by zhengjie in /Users/zhengjie/Documents/Iedaprojects/Minjie/Sell01)
No active profile set, falling back to default profiles: default
Refreshing org.springframework.boot.context.embedded.AnnotationConfigEmbeddedWebApplicationContext@2b71e916: startup date [Sat Apr 04 22:36:27 CST 2020]; root of context hierarchy
HV000001: Hibernate Validator 5.3.5.Final
No MyBatis mapper was found in '[com.minjie]' package. Please check your configuration.
Multiple Spring Data modules found, entering strict repository configuration mode!
Multiple Spring Data modules found, entering strict repository configuration mode!
Spring Data Redis - Could not safely identify store assignment for repository candidate interface com.minjie.repository.SellerInfoRepository.
Spring Data Redis - Could not safely identify store assignment for repository candidate interface com.minjie.repository.BuyerLoginRepository.
Spring Data Redis - Could not safely identify store assignment for repository candidate interface com.minjie.repository.BuyerCartRepository.
Spring Data Redis - Could not safely identify store assignment for repository candidate interface com.minjie.repository.ProductCategoryRepository.
Spring Data Redis - Could not safely identify store assignment for repository candidate interface com.minjie.repository.OrderDetailRepository.
Spring Data Redis - Could not safely identify store assignment for repository candidate interface com.minjie.repository.OrderMasterRepository.
Spring Data Redis - Could not safely identify store assignment for repository candidate interface com.minjie.repository.ProductInfoRepository.
Tomcat initialized with port(s): 8080 (http)
Starting service Tomcat
Starting Servlet Engine: Apache Tomcat/8.5.14
Initializing Spring embedded WebApplicationContext
Root WebApplicationContext: initialization completed in 1352 ms
Mapping servlet: 'dispatcherServlet' to [/]
Mapping filter: 'characterEncodingFilter' to: [/*]
Mapping filter: 'hiddenHttpMethodFilter' to: [/*]
Mapping filter: 'httpPutFormContentFilter' to: [/*]
Mapping filter: 'requestContextFilter' to: [/*]
Building JPA container EntityManagerFactory for persistence unit 'default'
HHH000204: Processing PersistenceUnitInfo [
	name: default
	...]
HHH000412: Hibernate Core {5.0.12.Final}
HHH000206: hibernate.properties not found
HHH000021: Bytecode provider name : javassist
HCANN000001: Hibernate Commons Annotations {5.0.1.Final}
HHH000400: Using dialect: org.hibernate.dialect.MySQL5Dialect
Initialized JPA EntityManagerFactory for persistence unit 'default'
Looking for @ControllerAdvice: org.springframework.boot.context.embedded.AnnotationConfigEmbeddedWebApplicationContext@2b71e916: startup date [Sat Apr 04 22:36:27 CST 2020]; root of context hierarchy
Mapped "{[/buyer/cart/delete],methods=[GET]}" onto public org.springframework.web.servlet.ModelAndView com.minjie.controller.BuyerCartController.delete(java.lang.String,javax.servlet.http.HttpSession,java.util.Map<java.lang.String, java.lang.Object>)
Mapped "{[/buyer/cart/list],methods=[GET]}" onto public org.springframework.web.servlet.ModelAndView com.minjie.controller.BuyerCartController.list(java.lang.String,java.lang.Integer,java.lang.Integer,java.util.Map<java.lang.String, java.lang.Object>)
Mapped "{[/buyer/cart/insert],methods=[GET]}" onto public org.springframework.web.servlet.ModelAndView com.minjie.controller.BuyerCartController.insert(java.lang.String,java.lang.String,java.util.Map<java.lang.String, java.lang.Object>)
Mapped "{[/buyer/order/create],methods=[POST]}" onto public org.springframework.web.servlet.ModelAndView com.minjie.controller.BuyerOrderController.create(com.minjie.form.OrderForm,org.springframework.validation.BindingResult,java.util.Map<java.lang.String, java.lang.Object>)
Mapped "{[/buyer/order/list],methods=[GET]}" onto public com.minjie.VO.ResultVO<java.util.List<com.minjie.dto.OrderDTO>> com.minjie.controller.BuyerOrderController.list(java.lang.String,java.lang.Integer,java.lang.Integer)
Mapped "{[/buyer/order/listC]}" onto public org.springframework.web.servlet.ModelAndView com.minjie.controller.BuyerOrderController.listC(java.lang.String,java.util.Map<java.lang.String, java.lang.Object>)
Mapped "{[/buyer/order/cancel],methods=[POST]}" onto public com.minjie.VO.ResultVO com.minjie.controller.BuyerOrderController.cancel(java.lang.String,java.lang.String)
Mapped "{[/buyer/order/detail],methods=[GET]}" onto public com.minjie.VO.ResultVO<com.minjie.dto.OrderDTO> com.minjie.controller.BuyerOrderController.detail(java.lang.String,java.lang.String)
Mapped "{[/buyer/product/list],methods=[GET]}" onto public org.springframework.web.servlet.ModelAndView com.minjie.controller.BuyerProductController.list(java.lang.Integer,java.lang.Integer,java.lang.Integer,java.util.Map<java.lang.String, java.lang.Object>)
Mapped "{[/buyer/product/detail],methods=[GET]}" onto public org.springframework.web.servlet.ModelAndView com.minjie.controller.BuyerProductController.detail(java.lang.String,java.util.Map<java.lang.String, java.lang.Object>)
Mapped "{[/seller/login/registerInit]}" onto public java.lang.String com.minjie.controller.LoginControl.register()
Mapped "{[/seller/login/register],methods=[POST]}" onto public org.springframework.web.servlet.ModelAndView com.minjie.controller.LoginControl.register(com.minjie.form.UserForm,org.springframework.validation.BindingResult,java.util.Map<java.lang.String, java.lang.Object>)
Mapped "{[/seller/login/start]}" onto public org.springframework.web.servlet.ModelAndView com.minjie.controller.LoginControl.start(java.util.Map<java.lang.String, java.lang.Object>)
Mapped "{[/seller/login/demo]}" onto public java.lang.String com.minjie.controller.LoginControl.order()
Mapped "{[/seller/login/login]}" onto public org.springframework.web.servlet.ModelAndView com.minjie.controller.LoginControl.login(java.lang.String,java.lang.String,javax.servlet.http.HttpSession,java.util.Map<java.lang.String, java.lang.Object>)
Mapped "{[/seller/login/loginOut]}" onto public org.springframework.web.servlet.ModelAndView com.minjie.controller.LoginControl.loginOut(javax.servlet.http.HttpSession)
Mapped "{[/seller/login/demo1]}" onto public java.lang.String com.minjie.controller.LoginControl.orderInfo()
Mapped "{[/seller/login/bookInfo]}" onto public java.lang.String com.minjie.controller.LoginControl.bookInfo()
Mapped "{[/seller/category/index],methods=[GET]}" onto public org.springframework.web.servlet.ModelAndView com.minjie.controller.SellerCategoryController.index(java.lang.Integer,java.util.Map<java.lang.String, java.lang.Object>)
Mapped "{[/seller/category/list],methods=[GET]}" onto public org.springframework.web.servlet.ModelAndView com.minjie.controller.SellerCategoryController.list(java.util.Map<java.lang.String, java.lang.Object>)
Mapped "{[/seller/category/save],methods=[POST]}" onto public org.springframework.web.servlet.ModelAndView com.minjie.controller.SellerCategoryController.save(com.minjie.form.CategoryForm,org.springframework.validation.BindingResult,java.util.Map<java.lang.String, java.lang.Object>)
Mapped "{[/seller/order/list],methods=[GET]}" onto public org.springframework.web.servlet.ModelAndView com.minjie.controller.SellerOrderController.list(java.lang.Integer,java.lang.Integer,java.util.Map<java.lang.String, java.lang.Object>)
Mapped "{[/seller/order/cancel],methods=[GET]}" onto public org.springframework.web.servlet.ModelAndView com.minjie.controller.SellerOrderController.cancel(java.lang.String,java.util.Map<java.lang.String, java.lang.Object>)
Mapped "{[/seller/order/detail],methods=[GET]}" onto public org.springframework.web.servlet.ModelAndView com.minjie.controller.SellerOrderController.detail(java.lang.String,java.util.Map<java.lang.String, java.lang.Object>)
Mapped "{[/seller/order/finish],methods=[GET]}" onto public org.springframework.web.servlet.ModelAndView com.minjie.controller.SellerOrderController.finish(java.lang.String,java.util.Map<java.lang.String, java.lang.Object>)
Mapped "{[/seller/product/index],methods=[GET]}" onto public org.springframework.web.servlet.ModelAndView com.minjie.controller.SellerProductController.index(java.lang.String,java.util.Map<java.lang.String, java.lang.Object>)
Mapped "{[/seller/product/list],methods=[GET]}" onto public org.springframework.web.servlet.ModelAndView com.minjie.controller.SellerProductController.list(java.lang.Integer,java.lang.Integer,java.util.Map<java.lang.String, java.lang.Object>)
Mapped "{[/seller/product/save],methods=[POST]}" onto public org.springframework.web.servlet.ModelAndView com.minjie.controller.SellerProductController.save(com.minjie.form.ProductForm,org.springframework.validation.BindingResult,java.util.Map<java.lang.String, java.lang.Object>)
Mapped "{[/seller/product/on_sale]}" onto public org.springframework.web.servlet.ModelAndView com.minjie.controller.SellerProductController.onSale(java.lang.String,java.util.Map<java.lang.String, java.lang.Object>)
Mapped "{[/seller/product/off_sale]}" onto public org.springframework.web.servlet.ModelAndView com.minjie.controller.SellerProductController.offSale(java.lang.String,java.util.Map<java.lang.String, java.lang.Object>)
Mapped "{[/error]}" onto public org.springframework.http.ResponseEntity<java.util.Map<java.lang.String, java.lang.Object>> org.springframework.boot.autoconfigure.web.BasicErrorController.error(javax.servlet.http.HttpServletRequest)
Mapped "{[/error],produces=[text/html]}" onto public org.springframework.web.servlet.ModelAndView org.springframework.boot.autoconfigure.web.BasicErrorController.errorHtml(javax.servlet.http.HttpServletRequest,javax.servlet.http.HttpServletResponse)
Mapped URL path [/webjars/**] onto handler of type [class org.springframework.web.servlet.resource.ResourceHttpRequestHandler]
Mapped URL path [/**] onto handler of type [class org.springframework.web.servlet.resource.ResourceHttpRequestHandler]
Mapped URL path [/**/favicon.ico] onto handler of type [class org.springframework.web.servlet.resource.ResourceHttpRequestHandler]
ClassTemplateLoader for Spring macros added to FreeMarker configuration
Registering @ServerEndpoint class: class com.minjie.service.WebSocket
Registering beans for JMX exposure on startup
Initializing ProtocolHandler ["http-nio-8080"]
Starting ProtocolHandler ["http-nio-8080"]
Using a shared selector for servlet write/read
Tomcat started on port(s): 8080 (http)
Started SellApplication in 3.619 seconds (JVM running for 4.273)
Initializing Spring FrameworkServlet 'dispatcherServlet'
FrameworkServlet 'dispatcherServlet': initialization started
FrameworkServlet 'dispatcherServlet': initialization completed in 18 ms
HHH000397: Using ASTQueryTranslatorFactory
Closing org.springframework.boot.context.embedded.AnnotationConfigEmbeddedWebApplicationContext@2b71e916: startup date [Sat Apr 04 22:36:27 CST 2020]; root of context hierarchy
Unregistering JMX-exposed beans on shutdown
Closing JPA EntityManagerFactory for persistence unit 'default'
Starting SellApplication on ZhengdeMacBook-Pro.local with PID 25273 (/Users/zhengjie/Documents/Iedaprojects/Minjie/Sell01/target/classes started by zhengjie in /Users/zhengjie/Documents/Iedaprojects/Minjie/Sell01)
No active profile set, falling back to default profiles: default
Refreshing org.springframework.boot.context.embedded.AnnotationConfigEmbeddedWebApplicationContext@2b71e916: startup date [Sat Apr 04 22:39:17 CST 2020]; root of context hierarchy
HV000001: Hibernate Validator 5.3.5.Final
No MyBatis mapper was found in '[com.minjie]' package. Please check your configuration.
Multiple Spring Data modules found, entering strict repository configuration mode!
Multiple Spring Data modules found, entering strict repository configuration mode!
Spring Data Redis - Could not safely identify store assignment for repository candidate interface com.minjie.repository.SellerInfoRepository.
Spring Data Redis - Could not safely identify store assignment for repository candidate interface com.minjie.repository.BuyerLoginRepository.
Spring Data Redis - Could not safely identify store assignment for repository candidate interface com.minjie.repository.BuyerCartRepository.
Spring Data Redis - Could not safely identify store assignment for repository candidate interface com.minjie.repository.ProductCategoryRepository.
Spring Data Redis - Could not safely identify store assignment for repository candidate interface com.minjie.repository.OrderDetailRepository.
Spring Data Redis - Could not safely identify store assignment for repository candidate interface com.minjie.repository.OrderMasterRepository.
Spring Data Redis - Could not safely identify store assignment for repository candidate interface com.minjie.repository.ProductInfoRepository.
Tomcat initialized with port(s): 8080 (http)
Starting service Tomcat
Starting Servlet Engine: Apache Tomcat/8.5.14
Initializing Spring embedded WebApplicationContext
Root WebApplicationContext: initialization completed in 1180 ms
Mapping servlet: 'dispatcherServlet' to [/]
Mapping filter: 'characterEncodingFilter' to: [/*]
Mapping filter: 'hiddenHttpMethodFilter' to: [/*]
Mapping filter: 'httpPutFormContentFilter' to: [/*]
Mapping filter: 'requestContextFilter' to: [/*]
Building JPA container EntityManagerFactory for persistence unit 'default'
HHH000204: Processing PersistenceUnitInfo [
	name: default
	...]
HHH000412: Hibernate Core {5.0.12.Final}
HHH000206: hibernate.properties not found
HHH000021: Bytecode provider name : javassist
HCANN000001: Hibernate Commons Annotations {5.0.1.Final}
HHH000400: Using dialect: org.hibernate.dialect.MySQL5Dialect
Initialized JPA EntityManagerFactory for persistence unit 'default'
Looking for @ControllerAdvice: org.springframework.boot.context.embedded.AnnotationConfigEmbeddedWebApplicationContext@2b71e916: startup date [Sat Apr 04 22:39:17 CST 2020]; root of context hierarchy
Mapped "{[/buyer/cart/delete],methods=[GET]}" onto public org.springframework.web.servlet.ModelAndView com.minjie.controller.BuyerCartController.delete(java.lang.String,javax.servlet.http.HttpSession,java.util.Map<java.lang.String, java.lang.Object>)
Mapped "{[/buyer/cart/list],methods=[GET]}" onto public org.springframework.web.servlet.ModelAndView com.minjie.controller.BuyerCartController.list(java.lang.String,java.lang.Integer,java.lang.Integer,java.util.Map<java.lang.String, java.lang.Object>)
Mapped "{[/buyer/cart/insert],methods=[GET]}" onto public org.springframework.web.servlet.ModelAndView com.minjie.controller.BuyerCartController.insert(java.lang.String,java.lang.String,java.util.Map<java.lang.String, java.lang.Object>)
Mapped "{[/buyer/order/create],methods=[POST]}" onto public org.springframework.web.servlet.ModelAndView com.minjie.controller.BuyerOrderController.create(com.minjie.form.OrderForm,org.springframework.validation.BindingResult,java.util.Map<java.lang.String, java.lang.Object>)
Mapped "{[/buyer/order/list],methods=[GET]}" onto public com.minjie.VO.ResultVO<java.util.List<com.minjie.dto.OrderDTO>> com.minjie.controller.BuyerOrderController.list(java.lang.String,java.lang.Integer,java.lang.Integer)
Mapped "{[/buyer/order/listC]}" onto public org.springframework.web.servlet.ModelAndView com.minjie.controller.BuyerOrderController.listC(java.lang.String,java.util.Map<java.lang.String, java.lang.Object>)
Mapped "{[/buyer/order/cancel],methods=[POST]}" onto public com.minjie.VO.ResultVO com.minjie.controller.BuyerOrderController.cancel(java.lang.String,java.lang.String)
Mapped "{[/buyer/order/detail],methods=[GET]}" onto public com.minjie.VO.ResultVO<com.minjie.dto.OrderDTO> com.minjie.controller.BuyerOrderController.detail(java.lang.String,java.lang.String)
Mapped "{[/buyer/product/list],methods=[GET]}" onto public org.springframework.web.servlet.ModelAndView com.minjie.controller.BuyerProductController.list(java.lang.Integer,java.lang.Integer,java.lang.Integer,java.util.Map<java.lang.String, java.lang.Object>)
Mapped "{[/buyer/product/detail],methods=[GET]}" onto public org.springframework.web.servlet.ModelAndView com.minjie.controller.BuyerProductController.detail(java.lang.String,java.util.Map<java.lang.String, java.lang.Object>)
Mapped "{[/seller/login/registerInit]}" onto public java.lang.String com.minjie.controller.LoginControl.register()
Mapped "{[/seller/login/register],methods=[POST]}" onto public org.springframework.web.servlet.ModelAndView com.minjie.controller.LoginControl.register(com.minjie.form.UserForm,org.springframework.validation.BindingResult,java.util.Map<java.lang.String, java.lang.Object>)
Mapped "{[/seller/login/start]}" onto public org.springframework.web.servlet.ModelAndView com.minjie.controller.LoginControl.start(java.util.Map<java.lang.String, java.lang.Object>)
Mapped "{[/seller/login/demo]}" onto public java.lang.String com.minjie.controller.LoginControl.order()
Mapped "{[/seller/login/loginOut]}" onto public org.springframework.web.servlet.ModelAndView com.minjie.controller.LoginControl.loginOut(javax.servlet.http.HttpSession)
Mapped "{[/seller/login/login]}" onto public org.springframework.web.servlet.ModelAndView com.minjie.controller.LoginControl.login(java.lang.String,java.lang.String,javax.servlet.http.HttpSession,java.util.Map<java.lang.String, java.lang.Object>)
Mapped "{[/seller/login/demo1]}" onto public java.lang.String com.minjie.controller.LoginControl.orderInfo()
Mapped "{[/seller/login/bookInfo]}" onto public java.lang.String com.minjie.controller.LoginControl.bookInfo()
Mapped "{[/seller/category/index],methods=[GET]}" onto public org.springframework.web.servlet.ModelAndView com.minjie.controller.SellerCategoryController.index(java.lang.Integer,java.util.Map<java.lang.String, java.lang.Object>)
Mapped "{[/seller/category/list],methods=[GET]}" onto public org.springframework.web.servlet.ModelAndView com.minjie.controller.SellerCategoryController.list(java.util.Map<java.lang.String, java.lang.Object>)
Mapped "{[/seller/category/save],methods=[POST]}" onto public org.springframework.web.servlet.ModelAndView com.minjie.controller.SellerCategoryController.save(com.minjie.form.CategoryForm,org.springframework.validation.BindingResult,java.util.Map<java.lang.String, java.lang.Object>)
Mapped "{[/seller/order/list],methods=[GET]}" onto public org.springframework.web.servlet.ModelAndView com.minjie.controller.SellerOrderController.list(java.lang.Integer,java.lang.Integer,java.util.Map<java.lang.String, java.lang.Object>)
Mapped "{[/seller/order/finish],methods=[GET]}" onto public org.springframework.web.servlet.ModelAndView com.minjie.controller.SellerOrderController.finish(java.lang.String,java.util.Map<java.lang.String, java.lang.Object>)
Mapped "{[/seller/order/cancel],methods=[GET]}" onto public org.springframework.web.servlet.ModelAndView com.minjie.controller.SellerOrderController.cancel(java.lang.String,java.util.Map<java.lang.String, java.lang.Object>)
Mapped "{[/seller/order/detail],methods=[GET]}" onto public org.springframework.web.servlet.ModelAndView com.minjie.controller.SellerOrderController.detail(java.lang.String,java.util.Map<java.lang.String, java.lang.Object>)
Mapped "{[/seller/product/index],methods=[GET]}" onto public org.springframework.web.servlet.ModelAndView com.minjie.controller.SellerProductController.index(java.lang.String,java.util.Map<java.lang.String, java.lang.Object>)
Mapped "{[/seller/product/list],methods=[GET]}" onto public org.springframework.web.servlet.ModelAndView com.minjie.controller.SellerProductController.list(java.lang.Integer,java.lang.Integer,java.util.Map<java.lang.String, java.lang.Object>)
Mapped "{[/seller/product/save],methods=[POST]}" onto public org.springframework.web.servlet.ModelAndView com.minjie.controller.SellerProductController.save(com.minjie.form.ProductForm,org.springframework.validation.BindingResult,java.util.Map<java.lang.String, java.lang.Object>)
Mapped "{[/seller/product/on_sale]}" onto public org.springframework.web.servlet.ModelAndView com.minjie.controller.SellerProductController.onSale(java.lang.String,java.util.Map<java.lang.String, java.lang.Object>)
Mapped "{[/seller/product/off_sale]}" onto public org.springframework.web.servlet.ModelAndView com.minjie.controller.SellerProductController.offSale(java.lang.String,java.util.Map<java.lang.String, java.lang.Object>)
Mapped "{[/error]}" onto public org.springframework.http.ResponseEntity<java.util.Map<java.lang.String, java.lang.Object>> org.springframework.boot.autoconfigure.web.BasicErrorController.error(javax.servlet.http.HttpServletRequest)
Mapped "{[/error],produces=[text/html]}" onto public org.springframework.web.servlet.ModelAndView org.springframework.boot.autoconfigure.web.BasicErrorController.errorHtml(javax.servlet.http.HttpServletRequest,javax.servlet.http.HttpServletResponse)
Mapped URL path [/webjars/**] onto handler of type [class org.springframework.web.servlet.resource.ResourceHttpRequestHandler]
Mapped URL path [/**] onto handler of type [class org.springframework.web.servlet.resource.ResourceHttpRequestHandler]
Mapped URL path [/**/favicon.ico] onto handler of type [class org.springframework.web.servlet.resource.ResourceHttpRequestHandler]
ClassTemplateLoader for Spring macros added to FreeMarker configuration
Registering @ServerEndpoint class: class com.minjie.service.WebSocket
Registering beans for JMX exposure on startup
Initializing ProtocolHandler ["http-nio-8080"]
Starting ProtocolHandler ["http-nio-8080"]
Using a shared selector for servlet write/read
Tomcat started on port(s): 8080 (http)
Started SellApplication in 3.311 seconds (JVM running for 3.916)
Initializing Spring FrameworkServlet 'dispatcherServlet'
FrameworkServlet 'dispatcherServlet': initialization started
FrameworkServlet 'dispatcherServlet': initialization completed in 19 ms
HHH000397: Using ASTQueryTranslatorFactory
Closing org.springframework.boot.context.embedded.AnnotationConfigEmbeddedWebApplicationContext@2b71e916: startup date [Sat Apr 04 22:39:17 CST 2020]; root of context hierarchy
Unregistering JMX-exposed beans on shutdown
Closing JPA EntityManagerFactory for persistence unit 'default'
